# JRE version: Java(TM) SE Runtime Environment (8.0_261-b12) (build 1.8.0_261-b12)
# Java VM: Java HotSpot(TM) 64-Bit Server VM (25.261-b12 mixed mode windows-amd64 compressed oops)
Heap:
 PSYoungGen      total 167424K, used 3853K [0x00000000e0980000, 0x00000000ebd00000, 0x0000000100000000)
  eden space 158208K, 2% used [0x00000000e0980000,0x00000000e0d43478,0x00000000ea400000)
  from space 9216K, 0% used [0x00000000eaf80000,0x00000000eaf80000,0x00000000eb880000)
  to   space 11776K, 0% used [0x00000000ea400000,0x00000000ea400000,0x00000000eaf80000)
 ParOldGen       total 54272K, used 23222K [0x00000000a1c00000, 0x00000000a5100000, 0x00000000e0980000)
  object space 54272K, 42% used [0x00000000a1c00000,0x00000000a32ad830,0x00000000a5100000)
 Metaspace       used 43941K, capacity 46166K, committed 46592K, reserved 1091584K
  class space    used 6151K, capacity 6554K, committed 6656K, reserved 1048576K
GC Heap History (10 events):
Event: 8.372 GC heap before
{Heap before GC invocations=9 (full 1):
 PSYoungGen      total 105984K, used 105331K [0x00000000e0980000, 0x00000000eb880000, 0x0000000100000000)
  eden space 97280K, 100% used [0x00000000e0980000,0x00000000e6880000,0x00000000e6880000)
  from space 8704K, 92% used [0x00000000e6880000,0x00000000e705cd08,0x00000000e7100000)
  to   space 9216K, 0% used [0x00000000eaf80000,0x00000000eaf80000,0x00000000eb880000)
 ParOldGen       total 43520K, used 7921K [0x00000000a1c00000, 0x00000000a4680000, 0x00000000e0980000)
  object space 43520K, 18% used [0x00000000a1c00000,0x00000000a23bc748,0x00000000a4680000)
 Metaspace       used 33470K, capacity 35342K, committed 35496K, reserved 1079296K
  class space    used 4490K, capacity 4839K, committed 4864K, reserved 1048576K
Event: 8.401 GC heap after
Heap after GC invocations=9 (full 1):
 PSYoungGen      total 167424K, used 9206K [0x00000000e0980000, 0x00000000ebd00000, 0x0000000100000000)
  eden space 158208K, 0% used [0x00000000e0980000,0x00000000e0980000,0x00000000ea400000)
  from space 9216K, 99% used [0x00000000eaf80000,0x00000000eb87da28,0x00000000eb880000)
  to   space 11776K, 0% used [0x00000000ea400000,0x00000000ea400000,0x00000000eaf80000)
 ParOldGen       total 43520K, used 11272K [0x00000000a1c00000, 0x00000000a4680000, 0x00000000e0980000)
  object space 43520K, 25% used [0x00000000a1c00000,0x00000000a2702048,0x00000000a4680000)
 Metaspace       used 33470K, capacity 35342K, committed 35496K, reserved 1079296K
  class space    used 4490K, capacity 4839K, committed 4864K, reserved 1048576K
}
Event: 8.420 GC heap before
{Heap before GC invocations=10 (full 1):
 PSYoungGen      total 167424K, used 15946K [0x00000000e0980000, 0x00000000ebd00000, 0x0000000100000000)
  eden space 158208K, 4% used [0x00000000e0980000,0x00000000e1015108,0x00000000ea400000)
  from space 9216K, 99% used [0x00000000eaf80000,0x00000000eb87da28,0x00000000eb880000)
  to   space 11776K, 0% used [0x00000000ea400000,0x00000000ea400000,0x00000000eaf80000)
 ParOldGen       total 43520K, used 11272K [0x00000000a1c00000, 0x00000000a4680000, 0x00000000e0980000)
  object space 43520K, 25% used [0x00000000a1c00000,0x00000000a2702048,0x00000000a4680000)
 Metaspace       used 33592K, capacity 35470K, committed 35496K, reserved 1079296K
  class space    used 4505K, capacity 4839K, committed 4864K, reserved 1048576K
Event: 8.431 GC heap after
Heap after GC invocations=10 (full 1):
 PSYoungGen      total 169984K, used 6788K [0x00000000e0980000, 0x00000000ebd00000, 0x0000000100000000)
  eden space 158208K, 0% used [0x00000000e0980000,0x00000000e0980000,0x00000000ea400000)
  from space 11776K, 57% used [0x00000000ea400000,0x00000000eaaa1040,0x00000000eaf80000)
  to   space 9216K, 0% used [0x00000000eaf80000,0x00000000eaf80000,0x00000000eb880000)
 ParOldGen       total 43520K, used 11280K [0x00000000a1c00000, 0x00000000a4680000, 0x00000000e0980000)
  object space 43520K, 25% used [0x00000000a1c00000,0x00000000a2704048,0x00000000a4680000)
 Metaspace       used 33592K, capacity 35470K, committed 35496K, reserved 1079296K
  class space    used 4505K, capacity 4839K, committed 4864K, reserved 1048576K
}
Event: 8.431 GC heap before
{Heap before GC invocations=11 (full 2):
 PSYoungGen      total 169984K, used 6788K [0x00000000e0980000, 0x00000000ebd00000, 0x0000000100000000)
  eden space 158208K, 0% used [0x00000000e0980000,0x00000000e0980000,0x00000000ea400000)
  from space 11776K, 57% used [0x00000000ea400000,0x00000000eaaa1040,0x00000000eaf80000)
  to   space 9216K, 0% used [0x00000000eaf80000,0x00000000eaf80000,0x00000000eb880000)
 ParOldGen       total 43520K, used 11280K [0x00000000a1c00000, 0x00000000a4680000, 0x00000000e0980000)
  object space 43520K, 25% used [0x00000000a1c00000,0x00000000a2704048,0x00000000a4680000)
 Metaspace       used 33592K, capacity 35470K, committed 35496K, reserved 1079296K
  class space    used 4505K, capacity 4839K, committed 4864K, reserved 1048576K
Event: 8.495 GC heap after
Heap after GC invocations=11 (full 2):
 PSYoungGen      total 169984K, used 0K [0x00000000e0980000, 0x00000000ebd00000, 0x0000000100000000)
  eden space 158208K, 0% used [0x00000000e0980000,0x00000000e0980000,0x00000000ea400000)
  from space 11776K, 0% used [0x00000000ea400000,0x00000000ea400000,0x00000000eaf80000)
  to   space 9216K, 0% used [0x00000000eaf80000,0x00000000eaf80000,0x00000000eb880000)
 ParOldGen       total 54272K, used 12590K [0x00000000a1c00000, 0x00000000a5100000, 0x00000000e0980000)
  object space 54272K, 23% used [0x00000000a1c00000,0x00000000a284b960,0x00000000a5100000)
 Metaspace       used 33592K, capacity 35470K, committed 35496K, reserved 1079296K
  class space    used 4505K, capacity 4839K, committed 4864K, reserved 1048576K
}
Event: 9.860 GC heap before
{Heap before GC invocations=12 (full 2):
 PSYoungGen      total 169984K, used 103418K [0x00000000e0980000, 0x00000000ebd00000, 0x0000000100000000)
  eden space 158208K, 65% used [0x00000000e0980000,0x00000000e6e7e9b8,0x00000000ea400000)
  from space 11776K, 0% used [0x00000000ea400000,0x00000000ea400000,0x00000000eaf80000)
  to   space 9216K, 0% used [0x00000000eaf80000,0x00000000eaf80000,0x00000000eb880000)
 ParOldGen       total 54272K, used 12590K [0x00000000a1c00000, 0x00000000a5100000, 0x00000000e0980000)
  object space 54272K, 23% used [0x00000000a1c00000,0x00000000a284b960,0x00000000a5100000)
 Metaspace       used 43901K, capacity 46070K, committed 46208K, reserved 1093632K
  class space    used 6127K, capacity 6522K, committed 6528K, reserved 1048576K
Event: 9.872 GC heap after
Heap after GC invocations=12 (full 2):
 PSYoungGen      total 167424K, used 9206K [0x00000000e0980000, 0x00000000ebd00000, 0x0000000100000000)
  eden space 158208K, 0% used [0x00000000e0980000,0x00000000e0980000,0x00000000ea400000)
  from space 9216K, 99% used [0x00000000eaf80000,0x00000000eb87dbe8,0x00000000eb880000)
  to   space 11776K, 0% used [0x00000000ea400000,0x00000000ea400000,0x00000000eaf80000)
 ParOldGen       total 54272K, used 15450K [0x00000000a1c00000, 0x00000000a5100000, 0x00000000e0980000)
  object space 54272K, 28% used [0x00000000a1c00000,0x00000000a2b16a10,0x00000000a5100000)
 Metaspace       used 43901K, capacity 46070K, committed 46208K, reserved 1093632K
  class space    used 6127K, capacity 6522K, committed 6528K, reserved 1048576K
}
Event: 9.872 GC heap before
{Heap before GC invocations=13 (full 3):
 PSYoungGen      total 167424K, used 9206K [0x00000000e0980000, 0x00000000ebd00000, 0x0000000100000000)
  eden space 158208K, 0% used [0x00000000e0980000,0x00000000e0980000,0x00000000ea400000)
  from space 9216K, 99% used [0x00000000eaf80000,0x00000000eb87dbe8,0x00000000eb880000)
  to   space 11776K, 0% used [0x00000000ea400000,0x00000000ea400000,0x00000000eaf80000)
 ParOldGen       total 54272K, used 15450K [0x00000000a1c00000, 0x00000000a5100000, 0x00000000e0980000)
  object space 54272K, 28% used [0x00000000a1c00000,0x00000000a2b16a10,0x00000000a5100000)
 Metaspace       used 43901K, capacity 46070K, committed 46208K, reserved 1093632K
  class space    used 6127K, capacity 6522K, committed 6528K, reserved 1048576K
Event: 10.109 GC heap after
Heap after GC invocations=13 (full 3):
 PSYoungGen      total 167424K, used 0K [0x00000000e0980000, 0x00000000ebd00000, 0x0000000100000000)
  eden space 158208K, 0% used [0x00000000e0980000,0x00000000e0980000,0x00000000ea400000)
  from space 9216K, 0% used [0x00000000eaf80000,0x00000000eaf80000,0x00000000eb880000)
  to   space 11776K, 0% used [0x00000000ea400000,0x00000000ea400000,0x00000000eaf80000)
 ParOldGen       total 54272K, used 23222K [0x00000000a1c00000, 0x00000000a5100000, 0x00000000e0980000)
  object space 54272K, 42% used [0x00000000a1c00000,0x00000000a32ad830,0x00000000a5100000)
 Metaspace       used 43901K, capacity 46070K, committed 46208K, reserved 1091584K
  class space    used 6127K, capacity 6522K, committed 6528K, reserved 1048576K
}

